<?xml version="1.0" encoding="utf-8"?><testsuites name="pytest tests"><testsuite name="pytest" errors="0" failures="0" skipped="0" tests="9" time="0.910" timestamp="2026-07-21T13:32:13.893820+00:00" hostname="agent-env-df259e51-2a23-43a7-8910-909227274e5b"><testcase classname="tests.backend_test.TestScenarios" name="test_scenarios_list" time="0.248" /><testcase classname="tests.backend_test.TestRoot" name="test_root" time="0.322" /><testcase classname="tests.backend_test.TestScenarios" name="test_scenario_may2025" time="0.048" /><testcase classname="tests.backend_test.TestScenarios" name="test_scenario_flash5" time="0.045" /><testcase classname="tests.backend_test.TestTrigger" name="test_trigger_shape_and_values" time="0.087" /><testcase classname="tests.backend_test.TestScenarios" name="test_scenario_dry" time="0.052" /><testcase classname="tests.backend_test.TestScenarios" name="test_scenario_unknown_404" time="0.044" /><testcase classname="tests.backend_test.TestMetrics" name="test_metrics_values" time="0.046" /><testcase classname="tests.backend_test.TestDispatch" name="test_dispatch_structure" time="0.044" /></testsuite></testsuites>